2025-08-31 16:38:58,062 INFO: SEED邮件系统启动 [in /home/parallels/seed-email-system/examples/.not_ready_examples/29-1-email-system/webmail_server.py:379]
2025-08-31 16:38:58,169 INFO: SEED邮件系统启动 [in /home/parallels/seed-email-system/examples/.not_ready_examples/29-1-email-system/webmail_server.py:379]
2025-08-31 16:39:00,779 ERROR: 未处理的异常: name 'render_template' is not defined [in /home/parallels/seed-email-system/examples/.not_ready_examples/29-1-email-system/webmail_server.py:355]
2025-08-31 16:39:08,093 ERROR: 未处理的异常: name 'render_template' is not defined [in /home/parallels/seed-email-system/examples/.not_ready_examples/29-1-email-system/webmail_server.py:355]
2025-08-31 16:42:13,765 ERROR: 未处理的异常: name 'render_template' is not defined [in /home/parallels/seed-email-system/examples/.not_ready_examples/29-1-email-system/webmail_server.py:355]
2025-08-31 17:36:22,296 INFO: SEED邮件系统启动 [in /home/parallels/seed-email-system/examples/.not_ready_examples/29-1-email-system/webmail_server.py:379]
2025-08-31 17:36:22,394 INFO: SEED邮件系统启动 [in /home/parallels/seed-email-system/examples/.not_ready_examples/29-1-email-system/webmail_server.py:379]
2025-08-31 17:44:00,565 ERROR: 未处理的异常: name 'render_template' is not defined [in /home/parallels/seed-email-system/examples/.not_ready_examples/29-1-email-system/webmail_server.py:355]
2025-08-31 17:44:32,768 INFO: SEED邮件系统启动 [in /home/parallels/seed-email-system/examples/.not_ready_examples/29-1-email-system/webmail_server.py:379]
2025-08-31 17:44:32,883 INFO: SEED邮件系统启动 [in /home/parallels/seed-email-system/examples/.not_ready_examples/29-1-email-system/webmail_server.py:379]
2025-08-31 18:22:08,962 INFO: SEED邮件系统启动 [in /home/parallels/seed-email-system/examples/.not_ready_examples/29-1-email-system/webmail_server.py:379]
2025-08-31 18:22:09,049 INFO: SEED邮件系统启动 [in /home/parallels/seed-email-system/examples/.not_ready_examples/29-1-email-system/webmail_server.py:379]
2025-08-31 18:22:44,452 ERROR: 未处理的异常: name 'render_template' is not defined [in /home/parallels/seed-email-system/examples/.not_ready_examples/29-1-email-system/webmail_server.py:355]
2025-08-31 18:23:31,310 INFO: SEED邮件系统启动 [in /home/parallels/seed-email-system/examples/.not_ready_examples/29-1-email-system/webmail_server.py:379]
2025-08-31 18:24:00,649 INFO: SEED邮件系统启动 [in /home/parallels/seed-email-system/examples/.not_ready_examples/29-1-email-system/webmail_server.py:379]
2025-08-31 18:24:00,768 INFO: SEED邮件系统启动 [in /home/parallels/seed-email-system/examples/.not_ready_examples/29-1-email-system/webmail_server.py:379]
2025-08-31 18:26:06,946 INFO: SEED邮件系统启动 [in /home/parallels/seed-email-system/examples/.not_ready_examples/29-1-email-system/webmail_server.py:379]
2025-08-31 18:26:07,153 INFO: SEED邮件系统启动 [in /home/parallels/seed-email-system/examples/.not_ready_examples/29-1-email-system/webmail_server.py:379]
2025-08-31 18:26:41,904 INFO: SEED邮件系统启动 [in /home/parallels/seed-email-system/examples/.not_ready_examples/29-1-email-system/webmail_server.py:379]
2025-08-31 19:57:32,966 INFO: SEED邮件系统启动 [in /home/parallels/seed-email-system/examples/.not_ready_examples/29-1-email-system/webmail_server.py:379]
2025-09-01 00:19:04,540 INFO: SEED邮件系统启动 [in /home/parallels/seed-email-system/examples/.not_ready_examples/29-1-email-system/webmail_server.py:379]
2025-09-01 00:19:04,661 INFO: SEED邮件系统启动 [in /home/parallels/seed-email-system/examples/.not_ready_examples/29-1-email-system/webmail_server.py:379]
2025-09-01 00:19:23,335 ERROR: 未处理的异常: dns_system.html [in /home/parallels/seed-email-system/examples/.not_ready_examples/29-1-email-system/webmail_server.py:355]
2025-09-01 00:19:26,220 ERROR: 未处理的异常: network_topology.html [in /home/parallels/seed-email-system/examples/.not_ready_examples/29-1-email-system/webmail_server.py:355]
2025-09-01 20:18:42,819 INFO: SEED邮件系统启动 [in /home/parallels/seed-email-system/examples/.not_ready_examples/29-1-email-system/webmail_server.py:379]
2025-09-01 20:18:42,897 INFO: SEED邮件系统启动 [in /home/parallels/seed-email-system/examples/.not_ready_examples/29-1-email-system/webmail_server.py:379]
2025-09-01 20:18:51,105 INFO: SEED邮件系统启动 [in /home/parallels/seed-email-system/examples/.not_ready_examples/29-1-email-system/webmail_server.py:379]
2025-09-01 20:19:28,392 INFO: SEED邮件系统启动 [in /home/parallels/seed-email-system/examples/.not_ready_examples/29-1-email-system/webmail_server.py:379]
2025-09-01 20:19:44,612 INFO: SEED邮件系统启动 [in /home/parallels/seed-email-system/examples/.not_ready_examples/29-1-email-system/webmail_server.py:379]
2025-09-01 20:44:45,019 INFO: SEED邮件系统启动 [in /home/parallels/seed-email-system/examples/.not_ready_examples/29-1-email-system/webmail_server.py:379]
2025-09-01 20:44:45,113 INFO: SEED邮件系统启动 [in /home/parallels/seed-email-system/examples/.not_ready_examples/29-1-email-system/webmail_server.py:379]
2025-09-01 20:46:16,002 INFO: SEED邮件系统启动 [in /home/parallels/seed-email-system/examples/.not_ready_examples/29-1-email-system/webmail_server.py:379]
2025-09-01 20:46:16,077 INFO: SEED邮件系统启动 [in /home/parallels/seed-email-system/examples/.not_ready_examples/29-1-email-system/webmail_server.py:379]
2025-09-01 20:49:14,570 INFO: SEED邮件系统启动 [in /home/parallels/seed-email-system/examples/.not_ready_examples/29-1-email-system/webmail_server.py:379]
2025-09-01 20:49:14,645 INFO: SEED邮件系统启动 [in /home/parallels/seed-email-system/examples/.not_ready_examples/29-1-email-system/webmail_server.py:379]
2025-09-01 20:59:29,759 ERROR: 未处理的异常: 405 Method Not Allowed: The method is not allowed for the requested URL. [in /home/parallels/seed-email-system/examples/.not_ready_examples/29-1-email-system/webmail_server.py:355]
2025-09-01 21:10:11,042 ERROR: 未处理的异常: 405 Method Not Allowed: The method is not allowed for the requested URL. [in /home/parallels/seed-email-system/examples/.not_ready_examples/29-1-email-system/webmail_server.py:355]
